[2026-06-09T19:03:14.213Z] info: kubernetes.yaml was copied to the config folder
[2026-06-09T19:03:42.650Z] error: Host validation failed for: whalesea:3000. Hint: Set the HOMEPAGE_ALLOWED_HOSTS environment variable to allow requests from this host / port.
[2026-06-09T19:03:43.034Z] error: Host validation failed for: whalesea:3000. Hint: Set the HOMEPAGE_ALLOWED_HOSTS environment variable to allow requests from this host / port.
[2026-06-09T19:03:43.039Z] error: Host validation failed for: whalesea:3000. Hint: Set the HOMEPAGE_ALLOWED_HOSTS environment variable to allow requests from this host / port.
[2026-06-09T19:03:43.232Z] error: Host validation failed for: whalesea:3000. Hint: Set the HOMEPAGE_ALLOWED_HOSTS environment variable to allow requests from this host / port.
[2026-06-09T19:03:43.237Z] error: Host validation failed for: whalesea:3000. Hint: Set the HOMEPAGE_ALLOWED_HOSTS environment variable to allow requests from this host / port.
[2026-06-09T19:03:43.243Z] error: Host validation failed for: whalesea:3000. Hint: Set the HOMEPAGE_ALLOWED_HOSTS environment variable to allow requests from this host / port.
[2026-06-09T19:03:43.247Z] error: Host validation failed for: whalesea:3000. Hint: Set the HOMEPAGE_ALLOWED_HOSTS environment variable to allow requests from this host / port.
[2026-06-09T19:03:43.250Z] error: Host validation failed for: whalesea:3000. Hint: Set the HOMEPAGE_ALLOWED_HOSTS environment variable to allow requests from this host / port.
[2026-06-09T19:03:43.274Z] error: Host validation failed for: whalesea:3000. Hint: Set the HOMEPAGE_ALLOWED_HOSTS environment variable to allow requests from this host / port.
[2026-06-09T19:03:43.436Z] error: Host validation failed for: whalesea:3000. Hint: Set the HOMEPAGE_ALLOWED_HOSTS environment variable to allow requests from this host / port.
[2026-06-09T19:03:43.439Z] error: Host validation failed for: whalesea:3000. Hint: Set the HOMEPAGE_ALLOWED_HOSTS environment variable to allow requests from this host / port.
[2026-06-09T19:03:43.443Z] error: Host validation failed for: whalesea:3000. Hint: Set the HOMEPAGE_ALLOWED_HOSTS environment variable to allow requests from this host / port.
[2026-06-09T19:03:49.598Z] error: Host validation failed for: whalesea:3000. Hint: Set the HOMEPAGE_ALLOWED_HOSTS environment variable to allow requests from this host / port.
[2026-06-09T19:03:49.604Z] error: Host validation failed for: whalesea:3000. Hint: Set the HOMEPAGE_ALLOWED_HOSTS environment variable to allow requests from this host / port.
[2026-06-09T19:03:51.223Z] error: Host validation failed for: whalesea:3000. Hint: Set the HOMEPAGE_ALLOWED_HOSTS environment variable to allow requests from this host / port.
[2026-06-09T19:06:41.403Z] error: Host validation failed for: whalesea:3000. Hint: Set the HOMEPAGE_ALLOWED_HOSTS environment variable to allow requests from this host / port.
[2026-06-09T19:06:41.419Z] error: Host validation failed for: whalesea:3000. Hint: Set the HOMEPAGE_ALLOWED_HOSTS environment variable to allow requests from this host / port.
[2026-06-09T19:06:43.794Z] error: Host validation failed for: whalesea:3000. Hint: Set the HOMEPAGE_ALLOWED_HOSTS environment variable to allow requests from this host / port.
[2026-06-09T19:06:43.950Z] error: Host validation failed for: whalesea:3000. Hint: Set the HOMEPAGE_ALLOWED_HOSTS environment variable to allow requests from this host / port.
[2026-06-09T19:06:44.257Z] error: Host validation failed for: whalesea:3000. Hint: Set the HOMEPAGE_ALLOWED_HOSTS environment variable to allow requests from this host / port.
[2026-06-09T19:06:44.264Z] error: Host validation failed for: whalesea:3000. Hint: Set the HOMEPAGE_ALLOWED_HOSTS environment variable to allow requests from this host / port.
[2026-06-09T19:06:44.273Z] error: Host validation failed for: whalesea:3000. Hint: Set the HOMEPAGE_ALLOWED_HOSTS environment variable to allow requests from this host / port.
[2026-06-09T19:06:44.283Z] error: Host validation failed for: whalesea:3000. Hint: Set the HOMEPAGE_ALLOWED_HOSTS environment variable to allow requests from this host / port.
[2026-06-09T19:06:44.288Z] error: Host validation failed for: whalesea:3000. Hint: Set the HOMEPAGE_ALLOWED_HOSTS environment variable to allow requests from this host / port.
[2026-06-09T19:06:44.294Z] error: Host validation failed for: whalesea:3000. Hint: Set the HOMEPAGE_ALLOWED_HOSTS environment variable to allow requests from this host / port.
[2026-06-09T19:06:44.301Z] error: Host validation failed for: whalesea:3000. Hint: Set the HOMEPAGE_ALLOWED_HOSTS environment variable to allow requests from this host / port.
[2026-06-09T19:06:44.331Z] error: Host validation failed for: whalesea:3000. Hint: Set the HOMEPAGE_ALLOWED_HOSTS environment variable to allow requests from this host / port.
[2026-06-09T19:06:44.334Z] error: Host validation failed for: whalesea:3000. Hint: Set the HOMEPAGE_ALLOWED_HOSTS environment variable to allow requests from this host / port.
[2026-06-09T19:06:44.342Z] error: Host validation failed for: whalesea:3000. Hint: Set the HOMEPAGE_ALLOWED_HOSTS environment variable to allow requests from this host / port.
[2026-06-09T19:06:44.382Z] error: Host validation failed for: whalesea:3000. Hint: Set the HOMEPAGE_ALLOWED_HOSTS environment variable to allow requests from this host / port.
[2026-06-09T19:06:44.666Z] error: Host validation failed for: whalesea:3000. Hint: Set the HOMEPAGE_ALLOWED_HOSTS environment variable to allow requests from this host / port.
[2026-06-09T19:07:45.492Z] error: Host validation failed for: whalesea:3000. Hint: Set the HOMEPAGE_ALLOWED_HOSTS environment variable to allow requests from this host / port.
[2026-06-09T19:07:45.498Z] error: Host validation failed for: whalesea:3000. Hint: Set the HOMEPAGE_ALLOWED_HOSTS environment variable to allow requests from this host / port.
[2026-06-09T19:07:47.122Z] error: Host validation failed for: whalesea:3000. Hint: Set the HOMEPAGE_ALLOWED_HOSTS environment variable to allow requests from this host / port.
[2026-06-09T19:09:43.733Z] error: Host validation failed for: whalesea:3000. Hint: Set the HOMEPAGE_ALLOWED_HOSTS environment variable to allow requests from this host / port.
[2026-06-09T19:09:43.746Z] error: Host validation failed for: whalesea:3000. Hint: Set the HOMEPAGE_ALLOWED_HOSTS environment variable to allow requests from this host / port.
[2026-06-09T19:09:45.681Z] error: Host validation failed for: whalesea:3000. Hint: Set the HOMEPAGE_ALLOWED_HOSTS environment variable to allow requests from this host / port.
[2026-06-09T19:09:45.897Z] error: Host validation failed for: whalesea:3000. Hint: Set the HOMEPAGE_ALLOWED_HOSTS environment variable to allow requests from this host / port.
[2026-06-09T19:09:46.097Z] error: Host validation failed for: whalesea:3000. Hint: Set the HOMEPAGE_ALLOWED_HOSTS environment variable to allow requests from this host / port.
[2026-06-09T19:09:46.102Z] error: Host validation failed for: whalesea:3000. Hint: Set the HOMEPAGE_ALLOWED_HOSTS environment variable to allow requests from this host / port.
[2026-06-09T19:09:46.110Z] error: Host validation failed for: whalesea:3000. Hint: Set the HOMEPAGE_ALLOWED_HOSTS environment variable to allow requests from this host / port.
[2026-06-09T19:09:46.117Z] error: Host validation failed for: whalesea:3000. Hint: Set the HOMEPAGE_ALLOWED_HOSTS environment variable to allow requests from this host / port.
[2026-06-09T19:09:46.123Z] error: Host validation failed for: whalesea:3000. Hint: Set the HOMEPAGE_ALLOWED_HOSTS environment variable to allow requests from this host / port.
[2026-06-09T19:09:46.129Z] error: Host validation failed for: whalesea:3000. Hint: Set the HOMEPAGE_ALLOWED_HOSTS environment variable to allow requests from this host / port.
[2026-06-09T19:09:46.133Z] error: Host validation failed for: whalesea:3000. Hint: Set the HOMEPAGE_ALLOWED_HOSTS environment variable to allow requests from this host / port.
[2026-06-09T19:09:46.136Z] error: Host validation failed for: whalesea:3000. Hint: Set the HOMEPAGE_ALLOWED_HOSTS environment variable to allow requests from this host / port.
[2026-06-09T19:09:46.142Z] error: Host validation failed for: whalesea:3000. Hint: Set the HOMEPAGE_ALLOWED_HOSTS environment variable to allow requests from this host / port.
[2026-06-09T19:09:46.147Z] error: Host validation failed for: whalesea:3000. Hint: Set the HOMEPAGE_ALLOWED_HOSTS environment variable to allow requests from this host / port.
[2026-06-09T19:09:46.299Z] error: Host validation failed for: whalesea:3000. Hint: Set the HOMEPAGE_ALLOWED_HOSTS environment variable to allow requests from this host / port.
[2026-06-09T19:09:46.504Z] error: Host validation failed for: whalesea:3000. Hint: Set the HOMEPAGE_ALLOWED_HOSTS environment variable to allow requests from this host / port.
[2026-06-09T19:09:55.309Z] error: Host validation failed for: whalesea:3000. Hint: Set the HOMEPAGE_ALLOWED_HOSTS environment variable to allow requests from this host / port.
[2026-06-09T19:09:55.514Z] error: Host validation failed for: whalesea:3000. Hint: Set the HOMEPAGE_ALLOWED_HOSTS environment variable to allow requests from this host / port.
[2026-06-09T19:09:55.524Z] error: Host validation failed for: whalesea:3000. Hint: Set the HOMEPAGE_ALLOWED_HOSTS environment variable to allow requests from this host / port.
[2026-06-09T19:09:55.532Z] error: Host validation failed for: whalesea:3000. Hint: Set the HOMEPAGE_ALLOWED_HOSTS environment variable to allow requests from this host / port.
[2026-06-09T19:09:55.537Z] error: Host validation failed for: whalesea:3000. Hint: Set the HOMEPAGE_ALLOWED_HOSTS environment variable to allow requests from this host / port.
[2026-06-09T19:09:55.539Z] error: Host validation failed for: whalesea:3000. Hint: Set the HOMEPAGE_ALLOWED_HOSTS environment variable to allow requests from this host / port.
[2026-06-09T19:09:55.542Z] error: Host validation failed for: whalesea:3000. Hint: Set the HOMEPAGE_ALLOWED_HOSTS environment variable to allow requests from this host / port.
[2026-06-09T19:09:55.546Z] error: Host validation failed for: whalesea:3000. Hint: Set the HOMEPAGE_ALLOWED_HOSTS environment variable to allow requests from this host / port.
[2026-06-09T19:09:55.714Z] error: Host validation failed for: whalesea:3000. Hint: Set the HOMEPAGE_ALLOWED_HOSTS environment variable to allow requests from this host / port.
[2026-06-09T19:09:55.717Z] error: Host validation failed for: whalesea:3000. Hint: Set the HOMEPAGE_ALLOWED_HOSTS environment variable to allow requests from this host / port.
[2026-06-09T19:09:55.722Z] error: Host validation failed for: whalesea:3000. Hint: Set the HOMEPAGE_ALLOWED_HOSTS environment variable to allow requests from this host / port.
[2026-06-09T19:09:55.727Z] error: Host validation failed for: whalesea:3000. Hint: Set the HOMEPAGE_ALLOWED_HOSTS environment variable to allow requests from this host / port.
[2026-06-09T19:09:55.732Z] error: Host validation failed for: whalesea:3000. Hint: Set the HOMEPAGE_ALLOWED_HOSTS environment variable to allow requests from this host / port.
[2026-06-09T19:10:08.014Z] error: Host validation failed for: whalesea:3000. Hint: Set the HOMEPAGE_ALLOWED_HOSTS environment variable to allow requests from this host / port.
[2026-06-09T19:10:08.021Z] error: Host validation failed for: whalesea:3000. Hint: Set the HOMEPAGE_ALLOWED_HOSTS environment variable to allow requests from this host / port.
[2026-06-09T19:10:09.440Z] error: Host validation failed for: whalesea:3000. Hint: Set the HOMEPAGE_ALLOWED_HOSTS environment variable to allow requests from this host / port.
[2026-06-09T19:10:15.788Z] error: Host validation failed for: whalesea:3000. Hint: Set the HOMEPAGE_ALLOWED_HOSTS environment variable to allow requests from this host / port.
[2026-06-09T19:10:15.993Z] error: Host validation failed for: whalesea:3000. Hint: Set the HOMEPAGE_ALLOWED_HOSTS environment variable to allow requests from this host / port.
[2026-06-09T19:10:16.000Z] error: Host validation failed for: whalesea:3000. Hint: Set the HOMEPAGE_ALLOWED_HOSTS environment variable to allow requests from this host / port.
[2026-06-09T19:10:16.006Z] error: Host validation failed for: whalesea:3000. Hint: Set the HOMEPAGE_ALLOWED_HOSTS environment variable to allow requests from this host / port.
[2026-06-09T19:10:16.011Z] error: Host validation failed for: whalesea:3000. Hint: Set the HOMEPAGE_ALLOWED_HOSTS environment variable to allow requests from this host / port.
[2026-06-09T19:10:16.015Z] error: Host validation failed for: whalesea:3000. Hint: Set the HOMEPAGE_ALLOWED_HOSTS environment variable to allow requests from this host / port.
[2026-06-09T19:10:16.018Z] error: Host validation failed for: whalesea:3000. Hint: Set the HOMEPAGE_ALLOWED_HOSTS environment variable to allow requests from this host / port.
[2026-06-09T19:10:16.023Z] error: Host validation failed for: whalesea:3000. Hint: Set the HOMEPAGE_ALLOWED_HOSTS environment variable to allow requests from this host / port.
[2026-06-09T19:10:16.027Z] error: Host validation failed for: whalesea:3000. Hint: Set the HOMEPAGE_ALLOWED_HOSTS environment variable to allow requests from this host / port.
[2026-06-09T19:10:16.031Z] error: Host validation failed for: whalesea:3000. Hint: Set the HOMEPAGE_ALLOWED_HOSTS environment variable to allow requests from this host / port.
[2026-06-09T19:10:16.041Z] error: Host validation failed for: whalesea:3000. Hint: Set the HOMEPAGE_ALLOWED_HOSTS environment variable to allow requests from this host / port.
[2026-06-09T19:10:16.401Z] error: Host validation failed for: whalesea:3000. Hint: Set the HOMEPAGE_ALLOWED_HOSTS environment variable to allow requests from this host / port.
[2026-06-09T19:10:16.403Z] error: Host validation failed for: whalesea:3000. Hint: Set the HOMEPAGE_ALLOWED_HOSTS environment variable to allow requests from this host / port.
[2026-06-09T19:10:21.836Z] error: Host validation failed for: whalesea:3000. Hint: Set the HOMEPAGE_ALLOWED_HOSTS environment variable to allow requests from this host / port.
[2026-06-09T19:10:21.843Z] error: Host validation failed for: whalesea:3000. Hint: Set the HOMEPAGE_ALLOWED_HOSTS environment variable to allow requests from this host / port.
[2026-06-09T19:10:24.593Z] error: Host validation failed for: whalesea:3000. Hint: Set the HOMEPAGE_ALLOWED_HOSTS environment variable to allow requests from this host / port.
[2026-06-09T19:12:06.992Z] error: Host validation failed for: whalesea:3000. Hint: Set the HOMEPAGE_ALLOWED_HOSTS environment variable to allow requests from this host / port.
[2026-06-09T19:12:07.002Z] error: Host validation failed for: whalesea:3000. Hint: Set the HOMEPAGE_ALLOWED_HOSTS environment variable to allow requests from this host / port.
[2026-06-09T19:12:10.257Z] error: Host validation failed for: whalesea:3000. Hint: Set the HOMEPAGE_ALLOWED_HOSTS environment variable to allow requests from this host / port.
[2026-06-09T19:12:10.461Z] error: Host validation failed for: whalesea:3000. Hint: Set the HOMEPAGE_ALLOWED_HOSTS environment variable to allow requests from this host / port.
[2026-06-09T19:12:10.466Z] error: Host validation failed for: whalesea:3000. Hint: Set the HOMEPAGE_ALLOWED_HOSTS environment variable to allow requests from this host / port.
[2026-06-09T19:12:10.660Z] error: Host validation failed for: whalesea:3000. Hint: Set the HOMEPAGE_ALLOWED_HOSTS environment variable to allow requests from this host / port.
[2026-06-09T19:12:10.666Z] error: Host validation failed for: whalesea:3000. Hint: Set the HOMEPAGE_ALLOWED_HOSTS environment variable to allow requests from this host / port.
[2026-06-09T19:12:10.671Z] error: Host validation failed for: whalesea:3000. Hint: Set the HOMEPAGE_ALLOWED_HOSTS environment variable to allow requests from this host / port.
[2026-06-09T19:12:10.677Z] error: Host validation failed for: whalesea:3000. Hint: Set the HOMEPAGE_ALLOWED_HOSTS environment variable to allow requests from this host / port.
[2026-06-09T19:12:10.682Z] error: Host validation failed for: whalesea:3000. Hint: Set the HOMEPAGE_ALLOWED_HOSTS environment variable to allow requests from this host / port.
[2026-06-09T19:12:10.687Z] error: Host validation failed for: whalesea:3000. Hint: Set the HOMEPAGE_ALLOWED_HOSTS environment variable to allow requests from this host / port.
[2026-06-09T19:12:10.702Z] error: Host validation failed for: whalesea:3000. Hint: Set the HOMEPAGE_ALLOWED_HOSTS environment variable to allow requests from this host / port.
[2026-06-09T19:12:10.705Z] error: Host validation failed for: whalesea:3000. Hint: Set the HOMEPAGE_ALLOWED_HOSTS environment variable to allow requests from this host / port.
[2026-06-09T19:12:10.878Z] error: Host validation failed for: whalesea:3000. Hint: Set the HOMEPAGE_ALLOWED_HOSTS environment variable to allow requests from this host / port.
[2026-06-09T19:12:28.679Z] error: Host validation failed for: whalesea:3000. Hint: Set the HOMEPAGE_ALLOWED_HOSTS environment variable to allow requests from this host / port.
[2026-06-09T19:12:28.891Z] error: Host validation failed for: whalesea:3000. Hint: Set the HOMEPAGE_ALLOWED_HOSTS environment variable to allow requests from this host / port.
[2026-06-09T19:12:29.096Z] error: Host validation failed for: whalesea:3000. Hint: Set the HOMEPAGE_ALLOWED_HOSTS environment variable to allow requests from this host / port.
[2026-06-09T19:12:29.293Z] error: Host validation failed for: whalesea:3000. Hint: Set the HOMEPAGE_ALLOWED_HOSTS environment variable to allow requests from this host / port.
[2026-06-09T19:12:29.295Z] error: Host validation failed for: whalesea:3000. Hint: Set the HOMEPAGE_ALLOWED_HOSTS environment variable to allow requests from this host / port.
[2026-06-09T19:12:29.298Z] error: Host validation failed for: whalesea:3000. Hint: Set the HOMEPAGE_ALLOWED_HOSTS environment variable to allow requests from this host / port.
[2026-06-09T19:12:29.302Z] error: Host validation failed for: whalesea:3000. Hint: Set the HOMEPAGE_ALLOWED_HOSTS environment variable to allow requests from this host / port.
[2026-06-09T19:12:29.307Z] error: Host validation failed for: whalesea:3000. Hint: Set the HOMEPAGE_ALLOWED_HOSTS environment variable to allow requests from this host / port.
[2026-06-09T19:12:29.316Z] error: Host validation failed for: whalesea:3000. Hint: Set the HOMEPAGE_ALLOWED_HOSTS environment variable to allow requests from this host / port.
[2026-06-09T19:12:29.507Z] error: Host validation failed for: whalesea:3000. Hint: Set the HOMEPAGE_ALLOWED_HOSTS environment variable to allow requests from this host / port.
[2026-06-09T19:12:29.509Z] error: Host validation failed for: whalesea:3000. Hint: Set the HOMEPAGE_ALLOWED_HOSTS environment variable to allow requests from this host / port.
[2026-06-09T19:12:29.512Z] error: Host validation failed for: whalesea:3000. Hint: Set the HOMEPAGE_ALLOWED_HOSTS environment variable to allow requests from this host / port.
[2026-06-09T19:12:29.514Z] error: Host validation failed for: whalesea:3000. Hint: Set the HOMEPAGE_ALLOWED_HOSTS environment variable to allow requests from this host / port.
[2026-06-09T19:12:29.517Z] error: Host validation failed for: whalesea:3000. Hint: Set the HOMEPAGE_ALLOWED_HOSTS environment variable to allow requests from this host / port.
[2026-06-09T19:12:34.418Z] error: Host validation failed for: whalesea:3000. Hint: Set the HOMEPAGE_ALLOWED_HOSTS environment variable to allow requests from this host / port.
[2026-06-09T19:12:34.422Z] error: Host validation failed for: whalesea:3000. Hint: Set the HOMEPAGE_ALLOWED_HOSTS environment variable to allow requests from this host / port.
[2026-06-09T19:12:35.442Z] error: Host validation failed for: whalesea:3000. Hint: Set the HOMEPAGE_ALLOWED_HOSTS environment variable to allow requests from this host / port.
[2026-06-09T19:19:27.491Z] info: docker.yaml was copied to the config folder
[2026-06-09T19:19:27.493Z] info: services.yaml was copied to the config folder
[2026-06-09T19:19:27.493Z] info: bookmarks.yaml was copied to the config folder
[2026-06-09T19:19:27.494Z] info: widgets.yaml was copied to the config folder
[2026-06-09T19:19:27.494Z] info: custom.css was copied to the config folder
[2026-06-09T19:19:27.495Z] info: custom.js was copied to the config folder
[2026-06-09T19:19:27.504Z] info: proxmox.yaml was copied to the config folder
